<?xml version="1.0" encoding="UTF-8"?>
<!-- Generated by org.testng.reporters.JUnitXMLReporter -->
<testsuite ignored="0" hostname="Prathesh" failures="1" tests="1" name="Test" time="0.082" errors="0" timestamp="2023-04-10T14:03:53 IST">
  <testcase classname="com.scripts.Tscripts" name="exe" time="0.025">
    <failure type="org.testng.internal.reflect.MethodMatcherException" message="
[public void com.scripts.Tscripts.exe(java.lang.String,java.lang.String)] has no parameters defined but was found to be using a data provider (either explicitly specified or inherited from class level annotation).
Data provider mismatch
Method: exe([Parameter{index=0, type=java.lang.String, declaredAnnotations=[]}, Parameter{index=1, type=java.lang.String, declaredAnnotations=[]}])
Arguments: [(java.lang.String) prathesh,(java.lang.String) yadav,(java.lang.String) prathesh@gmail.com]">
      <![CDATA[org.testng.internal.reflect.MethodMatcherException: 
[public void com.scripts.Tscripts.exe(java.lang.String,java.lang.String)] has no parameters defined but was found to be using a data provider (either explicitly specified or inherited from class level annotation).
Data provider mismatch
Method: exe([Parameter{index=0, type=java.lang.String, declaredAnnotations=[]}, Parameter{index=1, type=java.lang.String, declaredAnnotations=[]}])
Arguments: [(java.lang.String) prathesh,(java.lang.String) yadav,(java.lang.String) prathesh@gmail.com]
at java.base/java.util.ArrayList.forEach(ArrayList.java:1511)
... Removed 22 stack frames]]>
    </failure>
  </testcase> <!-- exe -->
</testsuite> <!-- Test -->
